---------- Date: 2013-08-02 22:14:45 ~ IP : 127.0.0.1 ----------
REQUEST URI : /
MOD DETAILS:
   modFile   : F:\fashion-shop\vqmod/xml/auto-seo-title-vqmod.xml
   id        : Automatic SEO Title
   version   : 1.1.2
   vqmver    : 2.1.0
   author    : Fabius - http://opencartit.altervista.org
Could not resolve path for [catalog/language/italian/product/product.php] (SKIPPED)

----------------------------------------------------------------------


---------- Date: 2013-08-02 22:15:08 ~ IP : 127.0.0.1 ----------
REQUEST URI : /
MOD DETAILS:
   modFile   : F:\fashion-shop\vqmod/xml/auto-seo-title-vqmod.xml
   id        : Automatic SEO Title
   version   : 1.1.2
   vqmver    : 2.1.0
   author    : Fabius - http://opencartit.altervista.org
Could not resolve path for [catalog/language/italian/product/product.php] (SKIPPED)

----------------------------------------------------------------------


