---------- Date: 2013-07-18 06:52:52 ~ IP : 127.0.0.1 ----------
REQUEST URI : /
MOD DETAILS:
   modFile   : /Volumes/Data HD/opencart-1.5.5.1/upload/vqmod/xml/auto-seo-title-vqmod.xml
   id        : Automatic SEO Title
   version   : 1.1.2
   vqmver    : 2.1.0
   author    : Fabius - http://opencartit.altervista.org
Could not resolve path for [catalog/language/italian/product/product.php] (SKIPPED)

----------------------------------------------------------------------


---------- Date: 2013-07-18 07:27:19 ~ IP : 127.0.0.1 ----------
REQUEST URI : /
MOD DETAILS:
   modFile   : /Volumes/Data HD/opencart-1.5.5.1/upload/vqmod/xml/auto-seo-title-vqmod.xml
   id        : Automatic SEO Title
   version   : 1.1.2
   vqmver    : 2.1.0
   author    : Fabius - http://opencartit.altervista.org
Could not resolve path for [catalog/language/italian/product/product.php] (SKIPPED)

----------------------------------------------------------------------


---------- Date: 2013-07-18 08:50:41 ~ IP : 127.0.0.1 ----------
REQUEST URI : /
MOD DETAILS:
   modFile   : /Volumes/Data HD/opencart-1.5.5.1/upload/vqmod/xml/auto-seo-title-vqmod.xml
   id        : Automatic SEO Title
   version   : 1.1.2
   vqmver    : 2.1.0
   author    : Fabius - http://opencartit.altervista.org
Could not resolve path for [catalog/language/italian/product/product.php] (SKIPPED)

----------------------------------------------------------------------


---------- Date: 2013-07-18 08:50:44 ~ IP : 127.0.0.1 ----------
REQUEST URI : /
MOD DETAILS:
   modFile   : /Volumes/Data HD/opencart-1.5.5.1/upload/vqmod/xml/auto-seo-title-vqmod.xml
   id        : Automatic SEO Title
   version   : 1.1.2
   vqmver    : 2.1.0
   author    : Fabius - http://opencartit.altervista.org
Could not resolve path for [catalog/language/italian/product/product.php] (SKIPPED)

----------------------------------------------------------------------


---------- Date: 2013-07-18 08:50:45 ~ IP : 127.0.0.1 ----------
REQUEST URI : /index.php?route=product/category&amp;path=25
MOD DETAILS:
   modFile   : /Volumes/Data HD/opencart-1.5.5.1/upload/vqmod/xml/auto-seo-title-vqmod.xml
   id        : Automatic SEO Title
   version   : 1.1.2
   vqmver    : 2.1.0
   author    : Fabius - http://opencartit.altervista.org
Could not resolve path for [catalog/language/italian/product/product.php] (SKIPPED)

----------------------------------------------------------------------


---------- Date: 2013-07-18 08:50:46 ~ IP : 127.0.0.1 ----------
REQUEST URI : /index.php?route=product/category&amp;path=57
MOD DETAILS:
   modFile   : /Volumes/Data HD/opencart-1.5.5.1/upload/vqmod/xml/auto-seo-title-vqmod.xml
   id        : Automatic SEO Title
   version   : 1.1.2
   vqmver    : 2.1.0
   author    : Fabius - http://opencartit.altervista.org
Could not resolve path for [catalog/language/italian/product/product.php] (SKIPPED)

----------------------------------------------------------------------


---------- Date: 2013-07-18 08:50:47 ~ IP : 127.0.0.1 ----------
REQUEST URI : /index.php?route=product/category&amp;path=17
MOD DETAILS:
   modFile   : /Volumes/Data HD/opencart-1.5.5.1/upload/vqmod/xml/auto-seo-title-vqmod.xml
   id        : Automatic SEO Title
   version   : 1.1.2
   vqmver    : 2.1.0
   author    : Fabius - http://opencartit.altervista.org
Could not resolve path for [catalog/language/italian/product/product.php] (SKIPPED)

----------------------------------------------------------------------


---------- Date: 2013-07-18 08:50:48 ~ IP : 127.0.0.1 ----------
REQUEST URI : /index.php?route=product/category&amp;path=24
MOD DETAILS:
   modFile   : /Volumes/Data HD/opencart-1.5.5.1/upload/vqmod/xml/auto-seo-title-vqmod.xml
   id        : Automatic SEO Title
   version   : 1.1.2
   vqmver    : 2.1.0
   author    : Fabius - http://opencartit.altervista.org
Could not resolve path for [catalog/language/italian/product/product.php] (SKIPPED)

----------------------------------------------------------------------


---------- Date: 2013-07-18 08:50:48 ~ IP : 127.0.0.1 ----------
REQUEST URI : /index.php?route=product/category&amp;path=33
MOD DETAILS:
   modFile   : /Volumes/Data HD/opencart-1.5.5.1/upload/vqmod/xml/auto-seo-title-vqmod.xml
   id        : Automatic SEO Title
   version   : 1.1.2
   vqmver    : 2.1.0
   author    : Fabius - http://opencartit.altervista.org
Could not resolve path for [catalog/language/italian/product/product.php] (SKIPPED)

----------------------------------------------------------------------


---------- Date: 2013-07-18 08:50:51 ~ IP : 127.0.0.1 ----------
REQUEST URI : /index.php?route=product/category&amp;path=33
MOD DETAILS:
   modFile   : /Volumes/Data HD/opencart-1.5.5.1/upload/vqmod/xml/auto-seo-title-vqmod.xml
   id        : Automatic SEO Title
   version   : 1.1.2
   vqmver    : 2.1.0
   author    : Fabius - http://opencartit.altervista.org
Could not resolve path for [catalog/language/italian/product/product.php] (SKIPPED)

----------------------------------------------------------------------


---------- Date: 2013-07-18 08:50:51 ~ IP : 127.0.0.1 ----------
REQUEST URI : /index.php?route=product/category&amp;path=24
MOD DETAILS:
   modFile   : /Volumes/Data HD/opencart-1.5.5.1/upload/vqmod/xml/auto-seo-title-vqmod.xml
   id        : Automatic SEO Title
   version   : 1.1.2
   vqmver    : 2.1.0
   author    : Fabius - http://opencartit.altervista.org
Could not resolve path for [catalog/language/italian/product/product.php] (SKIPPED)

----------------------------------------------------------------------


---------- Date: 2013-07-18 08:50:52 ~ IP : 127.0.0.1 ----------
REQUEST URI : /index.php?route=product/category&amp;path=17
MOD DETAILS:
   modFile   : /Volumes/Data HD/opencart-1.5.5.1/upload/vqmod/xml/auto-seo-title-vqmod.xml
   id        : Automatic SEO Title
   version   : 1.1.2
   vqmver    : 2.1.0
   author    : Fabius - http://opencartit.altervista.org
Could not resolve path for [catalog/language/italian/product/product.php] (SKIPPED)

----------------------------------------------------------------------


---------- Date: 2013-07-18 08:50:53 ~ IP : 127.0.0.1 ----------
REQUEST URI : /index.php?route=product/category&amp;path=57
MOD DETAILS:
   modFile   : /Volumes/Data HD/opencart-1.5.5.1/upload/vqmod/xml/auto-seo-title-vqmod.xml
   id        : Automatic SEO Title
   version   : 1.1.2
   vqmver    : 2.1.0
   author    : Fabius - http://opencartit.altervista.org
Could not resolve path for [catalog/language/italian/product/product.php] (SKIPPED)

----------------------------------------------------------------------


---------- Date: 2013-07-18 08:50:54 ~ IP : 127.0.0.1 ----------
REQUEST URI : /index.php?route=product/category&amp;path=25
MOD DETAILS:
   modFile   : /Volumes/Data HD/opencart-1.5.5.1/upload/vqmod/xml/auto-seo-title-vqmod.xml
   id        : Automatic SEO Title
   version   : 1.1.2
   vqmver    : 2.1.0
   author    : Fabius - http://opencartit.altervista.org
Could not resolve path for [catalog/language/italian/product/product.php] (SKIPPED)

----------------------------------------------------------------------


---------- Date: 2013-07-18 08:50:57 ~ IP : 127.0.0.1 ----------
REQUEST URI : /index.php?route=product/category&amp;path=25
MOD DETAILS:
   modFile   : /Volumes/Data HD/opencart-1.5.5.1/upload/vqmod/xml/auto-seo-title-vqmod.xml
   id        : Automatic SEO Title
   version   : 1.1.2
   vqmver    : 2.1.0
   author    : Fabius - http://opencartit.altervista.org
Could not resolve path for [catalog/language/italian/product/product.php] (SKIPPED)

----------------------------------------------------------------------


---------- Date: 2013-07-18 08:51:01 ~ IP : 127.0.0.1 ----------
REQUEST URI : /index.php?route=product/category&amp;path=25
MOD DETAILS:
   modFile   : /Volumes/Data HD/opencart-1.5.5.1/upload/vqmod/xml/auto-seo-title-vqmod.xml
   id        : Automatic SEO Title
   version   : 1.1.2
   vqmver    : 2.1.0
   author    : Fabius - http://opencartit.altervista.org
Could not resolve path for [catalog/language/italian/product/product.php] (SKIPPED)

----------------------------------------------------------------------


---------- Date: 2013-07-18 08:51:02 ~ IP : 127.0.0.1 ----------
REQUEST URI : /index.php?route=common/home
MOD DETAILS:
   modFile   : /Volumes/Data HD/opencart-1.5.5.1/upload/vqmod/xml/auto-seo-title-vqmod.xml
   id        : Automatic SEO Title
   version   : 1.1.2
   vqmver    : 2.1.0
   author    : Fabius - http://opencartit.altervista.org
Could not resolve path for [catalog/language/italian/product/product.php] (SKIPPED)

----------------------------------------------------------------------


---------- Date: 2013-07-18 08:51:03 ~ IP : 127.0.0.1 ----------
REQUEST URI : /index.php?route=common/home
MOD DETAILS:
   modFile   : /Volumes/Data HD/opencart-1.5.5.1/upload/vqmod/xml/auto-seo-title-vqmod.xml
   id        : Automatic SEO Title
   version   : 1.1.2
   vqmver    : 2.1.0
   author    : Fabius - http://opencartit.altervista.org
Could not resolve path for [catalog/language/italian/product/product.php] (SKIPPED)

----------------------------------------------------------------------


---------- Date: 2013-07-18 08:51:07 ~ IP : 127.0.0.1 ----------
REQUEST URI : /admin/
MOD DETAILS:
   modFile   : /Volumes/Data HD/opencart-1.5.5.1/upload/vqmod/xml/auto-seo-title-vqmod.xml
   id        : Automatic SEO Title
   version   : 1.1.2
   vqmver    : 2.1.0
   author    : Fabius - http://opencartit.altervista.org
Could not resolve path for [catalog/language/italian/product/product.php] (SKIPPED)

----------------------------------------------------------------------


---------- Date: 2013-07-18 08:51:09 ~ IP : 127.0.0.1 ----------
REQUEST URI : /admin/index.php?route=common/login
MOD DETAILS:
   modFile   : /Volumes/Data HD/opencart-1.5.5.1/upload/vqmod/xml/auto-seo-title-vqmod.xml
   id        : Automatic SEO Title
   version   : 1.1.2
   vqmver    : 2.1.0
   author    : Fabius - http://opencartit.altervista.org
Could not resolve path for [catalog/language/italian/product/product.php] (SKIPPED)

----------------------------------------------------------------------


---------- Date: 2013-07-18 08:51:14 ~ IP : 127.0.0.1 ----------
REQUEST URI : /admin/index.php?route=common/login
MOD DETAILS:
   modFile   : /Volumes/Data HD/opencart-1.5.5.1/upload/vqmod/xml/auto-seo-title-vqmod.xml
   id        : Automatic SEO Title
   version   : 1.1.2
   vqmver    : 2.1.0
   author    : Fabius - http://opencartit.altervista.org
Could not resolve path for [catalog/language/italian/product/product.php] (SKIPPED)

----------------------------------------------------------------------


---------- Date: 2013-07-18 08:51:14 ~ IP : 127.0.0.1 ----------
REQUEST URI : /admin/index.php?route=common/login&amp;token=04fdaa055f65adf5c75c17285e7a5073
MOD DETAILS:
   modFile   : /Volumes/Data HD/opencart-1.5.5.1/upload/vqmod/xml/auto-seo-title-vqmod.xml
   id        : Automatic SEO Title
   version   : 1.1.2
   vqmver    : 2.1.0
   author    : Fabius - http://opencartit.altervista.org
Could not resolve path for [catalog/language/italian/product/product.php] (SKIPPED)

----------------------------------------------------------------------


---------- Date: 2013-07-18 08:51:15 ~ IP : 127.0.0.1 ----------
REQUEST URI : /admin/index.php?route=common/home&amp;token=04fdaa055f65adf5c75c17285e7a5073
MOD DETAILS:
   modFile   : /Volumes/Data HD/opencart-1.5.5.1/upload/vqmod/xml/auto-seo-title-vqmod.xml
   id        : Automatic SEO Title
   version   : 1.1.2
   vqmver    : 2.1.0
   author    : Fabius - http://opencartit.altervista.org
Could not resolve path for [catalog/language/italian/product/product.php] (SKIPPED)

----------------------------------------------------------------------


---------- Date: 2013-07-18 08:51:15 ~ IP : 127.0.0.1 ----------
REQUEST URI : /admin/index.php?route=common/home/chart&amp;token=04fdaa055f65adf5c75c17285e7a5073&amp;range=day
MOD DETAILS:
   modFile   : /Volumes/Data HD/opencart-1.5.5.1/upload/vqmod/xml/auto-seo-title-vqmod.xml
   id        : Automatic SEO Title
   version   : 1.1.2
   vqmver    : 2.1.0
   author    : Fabius - http://opencartit.altervista.org
Could not resolve path for [catalog/language/italian/product/product.php] (SKIPPED)

----------------------------------------------------------------------


---------- Date: 2013-07-18 08:51:18 ~ IP : 127.0.0.1 ----------
REQUEST URI : /admin/index.php?route=sale/order&amp;token=04fdaa055f65adf5c75c17285e7a5073
MOD DETAILS:
   modFile   : /Volumes/Data HD/opencart-1.5.5.1/upload/vqmod/xml/auto-seo-title-vqmod.xml
   id        : Automatic SEO Title
   version   : 1.1.2
   vqmver    : 2.1.0
   author    : Fabius - http://opencartit.altervista.org
Could not resolve path for [catalog/language/italian/product/product.php] (SKIPPED)

----------------------------------------------------------------------


---------- Date: 2013-07-18 08:51:20 ~ IP : 127.0.0.1 ----------
REQUEST URI : /admin/index.php?route=extension/module&amp;token=04fdaa055f65adf5c75c17285e7a5073
MOD DETAILS:
   modFile   : /Volumes/Data HD/opencart-1.5.5.1/upload/vqmod/xml/auto-seo-title-vqmod.xml
   id        : Automatic SEO Title
   version   : 1.1.2
   vqmver    : 2.1.0
   author    : Fabius - http://opencartit.altervista.org
Could not resolve path for [catalog/language/italian/product/product.php] (SKIPPED)

----------------------------------------------------------------------


---------- Date: 2013-07-18 08:51:21 ~ IP : 127.0.0.1 ----------
REQUEST URI : /admin/index.php?route=catalog/category&amp;token=04fdaa055f65adf5c75c17285e7a5073
MOD DETAILS:
   modFile   : /Volumes/Data HD/opencart-1.5.5.1/upload/vqmod/xml/auto-seo-title-vqmod.xml
   id        : Automatic SEO Title
   version   : 1.1.2
   vqmver    : 2.1.0
   author    : Fabius - http://opencartit.altervista.org
Could not resolve path for [catalog/language/italian/product/product.php] (SKIPPED)

----------------------------------------------------------------------


---------- Date: 2013-07-18 08:51:22 ~ IP : 127.0.0.1 ----------
REQUEST URI : /admin/index.php?route=common/home&amp;token=04fdaa055f65adf5c75c17285e7a5073
MOD DETAILS:
   modFile   : /Volumes/Data HD/opencart-1.5.5.1/upload/vqmod/xml/auto-seo-title-vqmod.xml
   id        : Automatic SEO Title
   version   : 1.1.2
   vqmver    : 2.1.0
   author    : Fabius - http://opencartit.altervista.org
Could not resolve path for [catalog/language/italian/product/product.php] (SKIPPED)

----------------------------------------------------------------------


---------- Date: 2013-07-18 08:51:22 ~ IP : 127.0.0.1 ----------
REQUEST URI : /admin/index.php?route=common/home/chart&amp;token=04fdaa055f65adf5c75c17285e7a5073&amp;range=day
MOD DETAILS:
   modFile   : /Volumes/Data HD/opencart-1.5.5.1/upload/vqmod/xml/auto-seo-title-vqmod.xml
   id        : Automatic SEO Title
   version   : 1.1.2
   vqmver    : 2.1.0
   author    : Fabius - http://opencartit.altervista.org
Could not resolve path for [catalog/language/italian/product/product.php] (SKIPPED)

----------------------------------------------------------------------


---------- Date: 2013-07-18 08:51:24 ~ IP : 127.0.0.1 ----------
REQUEST URI : /admin/index.php?route=catalog/product&amp;token=04fdaa055f65adf5c75c17285e7a5073
MOD DETAILS:
   modFile   : /Volumes/Data HD/opencart-1.5.5.1/upload/vqmod/xml/auto-seo-title-vqmod.xml
   id        : Automatic SEO Title
   version   : 1.1.2
   vqmver    : 2.1.0
   author    : Fabius - http://opencartit.altervista.org
Could not resolve path for [catalog/language/italian/product/product.php] (SKIPPED)

----------------------------------------------------------------------


---------- Date: 2013-07-18 08:51:29 ~ IP : 127.0.0.1 ----------
REQUEST URI : /admin/index.php?route=catalog/category&amp;token=04fdaa055f65adf5c75c17285e7a5073
MOD DETAILS:
   modFile   : /Volumes/Data HD/opencart-1.5.5.1/upload/vqmod/xml/auto-seo-title-vqmod.xml
   id        : Automatic SEO Title
   version   : 1.1.2
   vqmver    : 2.1.0
   author    : Fabius - http://opencartit.altervista.org
Could not resolve path for [catalog/language/italian/product/product.php] (SKIPPED)

----------------------------------------------------------------------


---------- Date: 2013-07-18 08:51:33 ~ IP : 127.0.0.1 ----------
REQUEST URI : /admin/index.php?route=catalog/category/update&amp;token=04fdaa055f65adf5c75c17285e7a5073&amp;category_id=18
MOD DETAILS:
   modFile   : /Volumes/Data HD/opencart-1.5.5.1/upload/vqmod/xml/auto-seo-title-vqmod.xml
   id        : Automatic SEO Title
   version   : 1.1.2
   vqmver    : 2.1.0
   author    : Fabius - http://opencartit.altervista.org
Could not resolve path for [catalog/language/italian/product/product.php] (SKIPPED)

----------------------------------------------------------------------


---------- Date: 2013-07-18 08:51:37 ~ IP : 127.0.0.1 ----------
REQUEST URI : /admin/index.php?route=catalog/category/update&amp;token=04fdaa055f65adf5c75c17285e7a5073&amp;category_id=18
MOD DETAILS:
   modFile   : /Volumes/Data HD/opencart-1.5.5.1/upload/vqmod/xml/auto-seo-title-vqmod.xml
   id        : Automatic SEO Title
   version   : 1.1.2
   vqmver    : 2.1.0
   author    : Fabius - http://opencartit.altervista.org
Could not resolve path for [catalog/language/italian/product/product.php] (SKIPPED)

----------------------------------------------------------------------


---------- Date: 2013-07-18 08:51:37 ~ IP : 127.0.0.1 ----------
REQUEST URI : /admin/index.php?route=catalog/category&amp;token=04fdaa055f65adf5c75c17285e7a5073
MOD DETAILS:
   modFile   : /Volumes/Data HD/opencart-1.5.5.1/upload/vqmod/xml/auto-seo-title-vqmod.xml
   id        : Automatic SEO Title
   version   : 1.1.2
   vqmver    : 2.1.0
   author    : Fabius - http://opencartit.altervista.org
Could not resolve path for [catalog/language/italian/product/product.php] (SKIPPED)

----------------------------------------------------------------------


---------- Date: 2013-07-18 08:51:41 ~ IP : 127.0.0.1 ----------
REQUEST URI : /
MOD DETAILS:
   modFile   : /Volumes/Data HD/opencart-1.5.5.1/upload/vqmod/xml/auto-seo-title-vqmod.xml
   id        : Automatic SEO Title
   version   : 1.1.2
   vqmver    : 2.1.0
   author    : Fabius - http://opencartit.altervista.org
Could not resolve path for [catalog/language/italian/product/product.php] (SKIPPED)

----------------------------------------------------------------------


